[INFO] resources.log: Discovering path... - 2025-12-01 18:55:36,798
[INFO] resources.log: /Users/kl/PycharmProjects/underia/src - 2025-12-01 18:55:36,798
[WARNING] resources.log: Invalid accessory data: -10%biomefrictioneffect - 2025-12-01 18:55:37,445
[WARNING] resources.log: Invalid accessory data: -15%biomefrictioneffect - 2025-12-01 18:55:37,445
[WARNING] resources.log: Invalid accessory data: -50%biomefrictioneffect - 2025-12-01 18:55:37,445
[WARNING] resources.log: Unknown accessory data: +25%rangedamage - 2025-12-01 18:55:37,445
[WARNING] resources.log: Invalid accessory data: +-10%manacost - 2025-12-01 18:55:37,446
[WARNING] resources.log: Invalid accessory data: -50%biomefrictioneffect - 2025-12-01 18:55:37,446
[WARNING] resources.log: Invalid accessory data: y:usetheweaponandsprint - 2025-12-01 18:55:37,446
[WARNING] resources.log: Invalid accessory data: [cmd]+25%damageabsorb - 2025-12-01 18:55:37,446
[WARNING] resources.log: Invalid accessory data: [cmd]+25%dodgerate - 2025-12-01 18:55:37,446
[WARNING] resources.log: Unknown accessory data: +25magicdamage - 2025-12-01 18:55:37,446
[WARNING] resources.log: Unknown accessory data: +200additipnalmaximummana - 2025-12-01 18:55:37,446
[WARNING] resources.log: Unknown accessory data: +6/sectalentregeneration - 2025-12-01 18:55:37,446
[WARNING] resources.log: Unknown accessory data: +20poisondefense - 2025-12-01 18:55:37,446
[WARNING] resources.log: Invalid accessory data: whenneartodeath,stopthetime - 2025-12-01 18:55:37,446
[WARNING] resources.log: Invalid accessory data: whenusingmeleeweapons,increasetargetmassby1% - 2025-12-01 18:55:37,446
[WARNING] resources.log: Unknown accessory data: +100%wingcontrol[cmd] - 2025-12-01 18:55:37,446
[WARNING] resources.log: Invalid accessory data: whenusingmeleetohitenemy,dealadditionally1%thinkingdamage,05%chancetokillit - 2025-12-01 18:55:37,446
[WARNING] resources.log: Unknown accessory data: +1poetbonustime - 2025-12-01 18:55:37,453
[WARNING] resources.log: Unknown accessory data: +50/secinsprationregeneration - 2025-12-01 18:55:37,454
[WARNING] resources.log: Invalid accessory data: enablesprint - 2025-12-01 18:55:37,454
[WARNING] resources.log: Unknown accessory data: +10/secregenration - 2025-12-01 18:55:37,454
[WARNING] resources.log: Unknown accessory data: +8critical - 2025-12-01 18:55:37,454
[WARNING] resources.log: Unknown accessory data: +1poetbonustime - 2025-12-01 18:55:37,454
[WARNING] resources.log: Unknown accessory data: +100secinspirationregeneration - 2025-12-01 18:55:37,454
[WARNING] resources.log: Unknown accessory data: +70secinspirationregeneration - 2025-12-01 18:55:37,454
[DEBUG] resources.log: Register: #0	Eye - 2025-12-01 18:55:37,483
[DEBUG] resources.log: Register: #1	Tree - 2025-12-01 18:55:37,483
[DEBUG] resources.log: Register: #2	HugeTree - 2025-12-01 18:55:37,483
[DEBUG] resources.log: Register: #3	TreeMonster - 2025-12-01 18:55:37,483
[DEBUG] resources.log: Register: #4	ClosedBloodflower - 2025-12-01 18:55:37,483
[DEBUG] resources.log: Register: #5	Bloodflower - 2025-12-01 18:55:37,483
[DEBUG] resources.log: Register: #6	RedWatcher - 2025-12-01 18:55:37,484
[DEBUG] resources.log: Register: #7	Cactus - 2025-12-01 18:55:37,484
[DEBUG] resources.log: Register: #8	ConiferousTree - 2025-12-01 18:55:37,484
[DEBUG] resources.log: Register: #9	MagmaCube - 2025-12-01 18:55:37,484
[DEBUG] resources.log: Register: #10	TrueEye - 2025-12-01 18:55:37,484
[DEBUG] resources.log: Register: #11	Ore - 2025-12-01 18:55:37,484
[DEBUG] resources.log: Register: #12	RawOre - 2025-12-01 18:55:37,484
[DEBUG] resources.log: Register: #13	Chest - 2025-12-01 18:55:37,484
[DEBUG] resources.log: Register: #14	Checkpoint - 2025-12-01 18:55:37,484
[DEBUG] resources.log: Register: #15	NPCGuide - 2025-12-01 18:55:37,484
[DEBUG] resources.log: Register: #16	Ray - 2025-12-01 18:55:37,484
[DEBUG] resources.log: Register: #17	NPCRay - 2025-12-01 18:55:37,484
[DEBUG] resources.log: Register: #18	GreenChest - 2025-12-01 18:55:37,484
[DEBUG] resources.log: Register: #19	RedChest - 2025-12-01 18:55:37,484
[DEBUG] resources.log: Register: #20	WhiteChest - 2025-12-01 18:55:37,484
[DEBUG] resources.log: Register: #21	OrangeChest - 2025-12-01 18:55:37,484
[DEBUG] resources.log: Register: #22	BlueChest - 2025-12-01 18:55:37,484
[DEBUG] resources.log: Register: #23	StoneAltar - 2025-12-01 18:55:37,484
[DEBUG] resources.log: Register: #24	MetalAltar - 2025-12-01 18:55:37,484
[DEBUG] resources.log: Register: #25	ScarlettAltar - 2025-12-01 18:55:37,484
[DEBUG] resources.log: Register: #26	CopperOre - 2025-12-01 18:55:37,484
[DEBUG] resources.log: Register: #27	IronOre - 2025-12-01 18:55:37,484
[DEBUG] resources.log: Register: #28	SteelOre - 2025-12-01 18:55:37,484
[DEBUG] resources.log: Register: #29	PlatinumOre - 2025-12-01 18:55:37,484
[DEBUG] resources.log: Register: #30	MagicOre - 2025-12-01 18:55:37,484
[DEBUG] resources.log: Register: #31	BloodOre - 2025-12-01 18:55:37,484
[DEBUG] resources.log: Register: #32	FiriteOre - 2025-12-01 18:55:37,484
[DEBUG] resources.log: Register: #33	FiryOre - 2025-12-01 18:55:37,484
[DEBUG] resources.log: Register: #34	MysteriousOre - 2025-12-01 18:55:37,484
[DEBUG] resources.log: Register: #35	SpiritualOre - 2025-12-01 18:55:37,484
[DEBUG] resources.log: Register: #36	EvilOre - 2025-12-01 18:55:37,484
[DEBUG] resources.log: Register: #37	PalladiumOre - 2025-12-01 18:55:37,484
[DEBUG] resources.log: Register: #38	MithrillOre - 2025-12-01 18:55:37,484
[DEBUG] resources.log: Register: #39	TitaniumOre - 2025-12-01 18:55:37,484
[DEBUG] resources.log: Register: #40	TalentOre - 2025-12-01 18:55:37,485
[DEBUG] resources.log: Register: #41	ChlorophyteOre - 2025-12-01 18:55:37,485
[DEBUG] resources.log: Register: #42	MagmaKingFireball - 2025-12-01 18:55:37,485
[DEBUG] resources.log: Register: #43	SandStormAttack - 2025-12-01 18:55:37,485
[DEBUG] resources.log: Register: #44	HeavenBall - 2025-12-01 18:55:37,485
[DEBUG] resources.log: Register: #45	Star - 2025-12-01 18:55:37,485
[DEBUG] resources.log: Register: #46	FluffBall - 2025-12-01 18:55:37,485
[DEBUG] resources.log: Register: #47	Fluffff - 2025-12-01 18:55:37,485
[DEBUG] resources.log: Register: #48	HeavenGuard - 2025-12-01 18:55:37,485
[DEBUG] resources.log: Register: #49	ProtectApple - 2025-12-01 18:55:37,485
[DEBUG] resources.log: Register: #50	AttackApple - 2025-12-01 18:55:37,485
[DEBUG] resources.log: Register: #51	TheWorldsFruit - 2025-12-01 18:55:37,485
[DEBUG] resources.log: Register: #52	MagmaKing - 2025-12-01 18:55:37,485
[DEBUG] resources.log: Register: #53	MagmaKingCounter - 2025-12-01 18:55:37,485
[DEBUG] resources.log: Register: #54	GlimmerBubble - 2025-12-01 18:55:37,485
[DEBUG] resources.log: Register: #55	ForgottenStone - 2025-12-01 18:55:37,485
[DEBUG] resources.log: Register: #56	ForgottenFlower - 2025-12-01 18:55:37,485
[DEBUG] resources.log: Register: #57	Urchin - 2025-12-01 18:55:37,485
[DEBUG] resources.log: Register: #58	GlimmerSkate - 2025-12-01 18:55:37,485
[INFO] resources.log: Hash672250944 - 2025-12-01 18:55:37,959
[INFO] resources.log: Datas get from web, <Element 'game' at 0x1256edf30> - 2025-12-01 18:55:38,024
[INFO] resources.log: Name: Underia - 2025-12-01 18:55:38,024
[INFO] resources.log: Content Hash 356054969 - 2025-12-01 18:55:38,024
[WARNING] resources.log: Game modified - 2025-12-01 18:55:38,024
[INFO] resources.log: Newest version: 1.5.0c - 2025-12-01 18:55:38,024
[INFO] resources.log: Supported version: 1.3.0a - 2025-12-01 18:55:38,024
[INFO] resources.log: Newest version! - 2025-12-01 18:55:38,024
[WARNING] resources.log: Graphics with index items_obsidian_shield is not loaded, do you mean items_obisidian_shield? - 2025-12-01 18:56:13,842
