Discovering path...
/Library/Underia
Invalid accessory data: -10%biomefrictioneffect
Invalid accessory data: -15%biomefrictioneffect
Invalid accessory data: -50%biomefrictioneffect
Unknown accessory data: +25%rangedamage
Invalid accessory data: +-10%manacost
Invalid accessory data: -50%biomefrictioneffect
Invalid accessory data: y:usetheweaponandsprint
Invalid accessory data: [cmd]+25%damageabsorb
Invalid accessory data: [cmd]+25%dodgerate
Unknown accessory data: +25magicdamage
Unknown accessory data: +200additipnalmaximummana
Unknown accessory data: +6/sectalentregeneration
Unknown accessory data: +20poisondefense
Invalid accessory data: whenneartodeath,stopthetime
Invalid accessory data: whenusingmeleeweapons,increasetargetmassby1%
Unknown accessory data: +100%wingcontrol[cmd]
Invalid accessory data: whenusingmeleetohitenemy,dealadditionally1%thinkingdamage,05%chancetokillit
Unknown accessory data: +1poetbonustime
Unknown accessory data: +50/secinsprationregeneration
Invalid accessory data: enablesprint
Unknown accessory data: +10/secregenration
Unknown accessory data: +8critical
Unknown accessory data: +1poetbonustime
Unknown accessory data: +100secinspirationregeneration
Unknown accessory data: +70secinspirationregeneration
Loaded underia3
Register: #0	Eye
Register: #1	Tree
Register: #2	HugeTree
Register: #3	TreeMonster
Register: #4	ClosedBloodflower
Register: #5	Bloodflower
Register: #6	RedWatcher
Register: #7	Cactus
Register: #8	ConiferousTree
Register: #9	MagmaCube
Register: #10	TrueEye
Register: #11	Ore
Register: #12	RawOre
Register: #13	Chest
Register: #14	Checkpoint
Register: #15	NPCGuide
Register: #16	Ray
Register: #17	NPCRay
Register: #18	GreenChest
Register: #19	RedChest
Register: #20	WhiteChest
Register: #21	OrangeChest
Register: #22	BlueChest
Register: #23	StoneAltar
Register: #24	MetalAltar
Register: #25	ScarlettAltar
Register: #26	CopperOre
Register: #27	IronOre
Register: #28	SteelOre
Register: #29	PlatinumOre
Register: #30	MagicOre
Register: #31	BloodOre
Register: #32	FiriteOre
Register: #33	FiryOre
Register: #34	MysteriousOre
Register: #35	SpiritualOre
Register: #36	EvilOre
Register: #37	PalladiumOre
Register: #38	MithrillOre
Register: #39	TitaniumOre
Register: #40	TalentOre
Register: #41	ChlorophyteOre
Register: #42	MagmaKingFireball
Register: #43	SandStormAttack
Register: #44	HeavenBall
Register: #45	Star
Register: #46	FluffBall
Register: #47	Fluffff
Register: #48	HeavenGuard
Register: #49	ProtectApple
Register: #50	AttackApple
Register: #51	TheWorldsFruit
Register: #52	MagmaKing
Register: #53	MagmaKingCounter
Register: #54	GlimmerBubble
Register: #55	ForgottenStone
Register: #56	ForgottenFlower
Register: #57	Urchin
Register: #58	GlimmerSkate
Loaded packs
Hash672250944
Datas get from web, <Element 'game' at 0x12560a250>
Name: Underia
Content Hash 356054969
Game modified
Newest version: 1.5.0c
Supported version: 1.3.0a
Newest version!
